Wed May  6 16:13:05 UTC 2026
Wed May  6 20:55:52 UTC 2026
Wed May  6 23:37:01 UTC 2026
Thu May  7 09:17:35 UTC 2026
Thu May  7 16:25:06 UTC 2026
Thu May  7 20:49:35 UTC 2026
Thu May  7 23:40:00 UTC 2026
Fri May  8 06:17:16 UTC 2026
Fri May  8 10:57:31 UTC 2026
Fri May  8 16:05:24 UTC 2026
Fri May  8 20:15:35 UTC 2026
Fri May  8 23:40:37 UTC 2026
Sat May  9 07:21:59 UTC 2026
Sat May  9 10:36:55 UTC 2026
Sat May  9 14:34:46 UTC 2026
Sat May  9 17:37:00 UTC 2026
Sat May  9 20:05:46 UTC 2026
Sat May  9 22:28:05 UTC 2026
Sun May 10 07:34:19 UTC 2026
Sun May 10 11:15:09 UTC 2026
Sun May 10 14:40:04 UTC 2026
Sun May 10 17:38:38 UTC 2026
Sun May 10 20:08:04 UTC 2026
Sun May 10 22:32:25 UTC 2026
Mon May 11 10:47:54 UTC 2026
Mon May 11 18:03:18 UTC 2026
Mon May 11 21:56:00 UTC 2026
Tue May 12 08:09:09 UTC 2026
Tue May 12 16:35:10 UTC 2026
Tue May 12 21:45:34 UTC 2026
Wed May 13 08:20:16 UTC 2026
Wed May 13 16:40:54 UTC 2026
Wed May 13 21:51:36 UTC 2026
Thu May 14 08:07:45 UTC 2026
Thu May 14 16:20:01 UTC 2026
Thu May 14 20:59:32 UTC 2026
Fri May 15 00:12:59 UTC 2026
Fri May 15 10:02:14 UTC 2026
Fri May 15 16:29:50 UTC 2026
Fri May 15 20:41:25 UTC 2026
Fri May 15 23:40:49 UTC 2026
Sat May 16 07:29:24 UTC 2026
Sat May 16 11:19:03 UTC 2026
Sat May 16 14:43:37 UTC 2026
Sat May 16 17:42:53 UTC 2026
Sat May 16 20:10:47 UTC 2026
Sat May 16 22:32:08 UTC 2026
Sun May 17 07:56:50 UTC 2026
Sun May 17 11:43:06 UTC 2026
Sun May 17 15:40:41 UTC 2026
Sun May 17 19:47:44 UTC 2026
Sun May 17 22:38:59 UTC 2026
Mon May 18 12:02:57 UTC 2026
